The target system is: Android - 23 - aarch64
The host system is: Darwin - 22.4.0 - arm64
Compiling the CXX compiler identification source file "CMakeCXXCompilerId.cpp" succeeded.
Compiler: /Users/fyi/Library/Android/sdk/ndk/23.1.7779620/toolchains/llvm/prebuilt/darwin-x86_64/bin/clang++ 
Build flags: -DQT_QML_DEBUG
Id flags: -c;--target=aarch64-none-linux-android23 

The output was:
0


Compilation of the CXX compiler identification source "CMakeCXXCompilerId.cpp" produced "CMakeCXXCompilerId.o"

The CXX compiler identification is Clang, found in "/Users/fyi/Desktop/Contacts-Display-Android/build-ContactsDisplay-Android_Qt_6_4_3_Clang_arm64_v8a-Debug/CMakeFiles/3.24.2/CompilerIdCXX/CMakeCXXCompilerId.o"

Detecting CXX compiler ABI info compiled with the following output:
Change Dir: /Users/fyi/Desktop/Contacts-Display-Android/build-ContactsDisplay-Android_Qt_6_4_3_Clang_arm64_v8a-Debug/CMakeFiles/CMakeTmp

Run Build Command(s):/Users/fyi/Qt/Tools/Ninja/ninja cmTC_ece76 && [1/2] Building CXX object CMakeFiles/cmTC_ece76.dir/CMakeCXXCompilerABI.cpp.o
Android (7714059, based on r416183c1) clang version 12.0.8 (https://android.googlesource.com/toolchain/llvm-project c935d99d7cf2016289302412d708641d52d2f7ee)
Target: aarch64-none-linux-android23
Thread model: posix
InstalledDir: /Users/fyi/Library/Android/sdk/ndk/23.1.7779620/toolchains/llvm/prebuilt/darwin-x86_64/bin
Found candidate GCC installation: /Users/fyi/Library/Android/sdk/ndk/23.1.7779620/toolchains/llvm/prebuilt/darwin-x86_64/bin/../lib/gcc/aarch64-linux-android/4.9.x
Selected GCC installation: /Users/fyi/Library/Android/sdk/ndk/23.1.7779620/toolchains/llvm/prebuilt/darwin-x86_64/bin/../lib/gcc/aarch64-linux-android/4.9.x
Candidate multilib: .;@m64
Selected multilib: .;@m64
 (in-process)
 "/Users/fyi/Library/Android/sdk/ndk/23.1.7779620/toolchains/llvm/prebuilt/darwin-x86_64/bin/clang++" -cc1 -triple aarch64-none-linux-android23 -emit-obj --mrelax-relocations -mnoexecstack -disable-free -disable-llvm-verifier -discard-value-names -main-file-name CMakeCXXCompilerABI.cpp -mrelocation-model pic -pic-level 2 -pic-is-pie -mframe-pointer=non-leaf -fno-rounding-math -mconstructor-aliases -munwind-tables -target-cpu generic -target-feature +neon -target-abi aapcs -mllvm -aarch64-fix-cortex-a53-835769=1 -fallow-half-arguments-and-returns -fno-split-dwarf-inlining -debug-info-kind=limited -dwarf-version=4 -debugger-tuning=gdb -target-linker-version 650.9 -v -ffunction-sections -fdata-sections -resource-dir /Users/fyi/Library/Android/sdk/ndk/23.1.7779620/toolchains/llvm/prebuilt/darwin-x86_64/lib64/clang/12.0.8 -dependency-file CMakeFiles/cmTC_ece76.dir/CMakeCXXCompilerABI.cpp.o.d -MT CMakeFiles/cmTC_ece76.dir/CMakeCXXCompilerABI.cpp.o -sys-header-deps -D QT_QML_DEBUG -D ANDROID -D _FORTIFY_SOURCE=2 -D NDEBUG -isysroot /Users/fyi/Library/Android/sdk/ndk/23.1.7779620/toolchains/llvm/prebuilt/darwin-x86_64/sysroot -internal-isystem /Users/fyi/Library/Android/sdk/ndk/23.1.7779620/toolchains/llvm/prebuilt/darwin-x86_64/sysroot/usr/include/c++/v1 -internal-isystem /Users/fyi/Library/Android/sdk/ndk/23.1.7779620/toolchains/llvm/prebuilt/darwin-x86_64/sysroot/usr/local/include -internal-isystem /Users/fyi/Library/Android/sdk/ndk/23.1.7779620/toolchains/llvm/prebuilt/darwin-x86_64/lib64/clang/12.0.8/include -internal-externc-isystem /Users/fyi/Library/Android/sdk/ndk/23.1.7779620/toolchains/llvm/prebuilt/darwin-x86_64/sysroot/usr/include/aarch64-linux-android -internal-externc-isystem /Users/fyi/Library/Android/sdk/ndk/23.1.7779620/toolchains/llvm/prebuilt/darwin-x86_64/sysroot/include -internal-externc-isystem /Users/fyi/Library/Android/sdk/ndk/23.1.7779620/toolchains/llvm/prebuilt/darwin-x86_64/sysroot/usr/include -O2 -Wformat -fdeprecated-macro -fdebug-compilation-dir /Users/fyi/Desktop/Contacts-Display-Android/build-ContactsDisplay-Android_Qt_6_4_3_Clang_arm64_v8a-Debug/CMakeFiles/CMakeTmp -ferror-limit 19 -stack-protector 2 -fno-signed-char -fgnuc-version=4.2.1 -fcxx-exceptions -fexceptions -vectorize-loops -vectorize-slp -o CMakeFiles/cmTC_ece76.dir/CMakeCXXCompilerABI.cpp.o -x c++ /Users/fyi/Qt/Tools/CMake/CMake.app/Contents/share/cmake-3.24/Modules/CMakeCXXCompilerABI.cpp
clang -cc1 version 12.0.8 based upon LLVM 12.0.8git default target x86_64-apple-darwin22.4.0
ignoring nonexistent directory "/Users/fyi/Library/Android/sdk/ndk/23.1.7779620/toolchains/llvm/prebuilt/darwin-x86_64/sysroot/include"
#include "..." search starts here:
#include <...> search starts here:
 /Users/fyi/Library/Android/sdk/ndk/23.1.7779620/toolchains/llvm/prebuilt/darwin-x86_64/sysroot/usr/include/c++/v1
 /Users/fyi/Library/Android/sdk/ndk/23.1.7779620/toolchains/llvm/prebuilt/darwin-x86_64/sysroot/usr/local/include
 /Users/fyi/Library/Android/sdk/ndk/23.1.7779620/toolchains/llvm/prebuilt/darwin-x86_64/lib64/clang/12.0.8/include
 /Users/fyi/Library/Android/sdk/ndk/23.1.7779620/toolchains/llvm/prebuilt/darwin-x86_64/sysroot/usr/include/aarch64-linux-android
 /Users/fyi/Library/Android/sdk/ndk/23.1.7779620/toolchains/llvm/prebuilt/darwin-x86_64/sysroot/usr/include
End of search list.
[2/2] Linking CXX executable cmTC_ece76
Android (7714059, based on r416183c1) clang version 12.0.8 (https://android.googlesource.com/toolchain/llvm-project c935d99d7cf2016289302412d708641d52d2f7ee)
Target: aarch64-none-linux-android23
Thread model: posix
InstalledDir: /Users/fyi/Library/Android/sdk/ndk/23.1.7779620/toolchains/llvm/prebuilt/darwin-x86_64/bin
Found candidate GCC installation: /Users/fyi/Library/Android/sdk/ndk/23.1.7779620/toolchains/llvm/prebuilt/darwin-x86_64/bin/../lib/gcc/aarch64-linux-android/4.9.x
Selected GCC installation: /Users/fyi/Library/Android/sdk/ndk/23.1.7779620/toolchains/llvm/prebuilt/darwin-x86_64/bin/../lib/gcc/aarch64-linux-android/4.9.x
Candidate multilib: .;@m64
Selected multilib: .;@m64
 "/Users/fyi/Library/Android/sdk/ndk/23.1.7779620/toolchains/llvm/prebuilt/darwin-x86_64/bin/ld" --sysroot=/Users/fyi/Library/Android/sdk/ndk/23.1.7779620/toolchains/llvm/prebuilt/darwin-x86_64/sysroot -pie -z noexecstack -EL --fix-cortex-a53-843419 --warn-shared-textrel -z now -z relro -z max-page-size=4096 --hash-style=gnu --enable-new-dtags --eh-frame-hdr -m aarch64linux -dynamic-linker /system/bin/linker64 -o cmTC_ece76 /Users/fyi/Library/Android/sdk/ndk/23.1.7779620/toolchains/llvm/prebuilt/darwin-x86_64/sysroot/usr/lib/aarch64-linux-android/23/crtbegin_dynamic.o -L/Users/fyi/Library/Android/sdk/ndk/23.1.7779620/toolchains/llvm/prebuilt/darwin-x86_64/lib64/clang/12.0.8/lib/linux/aarch64 -L/Users/fyi/Library/Android/sdk/ndk/23.1.7779620/toolchains/llvm/prebuilt/darwin-x86_64/bin/../lib/gcc/aarch64-linux-android/4.9.x -L/Users/fyi/Library/Android/sdk/ndk/23.1.7779620/toolchains/llvm/prebuilt/darwin-x86_64/sysroot/usr/lib/aarch64-linux-android/23 -L/Users/fyi/Library/Android/sdk/ndk/23.1.7779620/toolchains/llvm/prebuilt/darwin-x86_64/sysroot/usr/lib/aarch64-linux-android -L/Users/fyi/Library/Android/sdk/ndk/23.1.7779620/toolchains/llvm/prebuilt/darwin-x86_64/sysroot/usr/lib --build-id=sha1 --no-rosegment --fatal-warnings --no-undefined --gc-sections CMakeFiles/cmTC_ece76.dir/CMakeCXXCompilerABI.cpp.o -latomic -lm -lc++ -lm /Users/fyi/Library/Android/sdk/ndk/23.1.7779620/toolchains/llvm/prebuilt/darwin-x86_64/lib64/clang/12.0.8/lib/linux/libclang_rt.builtins-aarch64-android.a -l:libunwind.a -ldl -lc /Users/fyi/Library/Android/sdk/ndk/23.1.7779620/toolchains/llvm/prebuilt/darwin-x86_64/lib64/clang/12.0.8/lib/linux/libclang_rt.builtins-aarch64-android.a -l:libunwind.a -ldl /Users/fyi/Library/Android/sdk/ndk/23.1.7779620/toolchains/llvm/prebuilt/darwin-x86_64/sysroot/usr/lib/aarch64-linux-android/23/crtend_android.o



Parsed CXX implicit include dir info from above output: rv=done
  found start of include info
  found start of implicit include info
    add: [/Users/fyi/Library/Android/sdk/ndk/23.1.7779620/toolchains/llvm/prebuilt/darwin-x86_64/sysroot/usr/include/c++/v1]
    add: [/Users/fyi/Library/Android/sdk/ndk/23.1.7779620/toolchains/llvm/prebuilt/darwin-x86_64/sysroot/usr/local/include]
    add: [/Users/fyi/Library/Android/sdk/ndk/23.1.7779620/toolchains/llvm/prebuilt/darwin-x86_64/lib64/clang/12.0.8/include]
    add: [/Users/fyi/Library/Android/sdk/ndk/23.1.7779620/toolchains/llvm/prebuilt/darwin-x86_64/sysroot/usr/include/aarch64-linux-android]
    add: [/Users/fyi/Library/Android/sdk/ndk/23.1.7779620/toolchains/llvm/prebuilt/darwin-x86_64/sysroot/usr/include]
  end of search list found
  collapse include dir [/Users/fyi/Library/Android/sdk/ndk/23.1.7779620/toolchains/llvm/prebuilt/darwin-x86_64/sysroot/usr/include/c++/v1] ==> [/Users/fyi/Library/Android/sdk/ndk/23.1.7779620/toolchains/llvm/prebuilt/darwin-x86_64/sysroot/usr/include/c++/v1]
  collapse include dir [/Users/fyi/Library/Android/sdk/ndk/23.1.7779620/toolchains/llvm/prebuilt/darwin-x86_64/sysroot/usr/local/include] ==> [/Users/fyi/Library/Android/sdk/ndk/23.1.7779620/toolchains/llvm/prebuilt/darwin-x86_64/sysroot/usr/local/include]
  collapse include dir [/Users/fyi/Library/Android/sdk/ndk/23.1.7779620/toolchains/llvm/prebuilt/darwin-x86_64/lib64/clang/12.0.8/include] ==> [/Users/fyi/Library/Android/sdk/ndk/23.1.7779620/toolchains/llvm/prebuilt/darwin-x86_64/lib64/clang/12.0.8/include]
  collapse include dir [/Users/fyi/Library/Android/sdk/ndk/23.1.7779620/toolchains/llvm/prebuilt/darwin-x86_64/sysroot/usr/include/aarch64-linux-android] ==> [/Users/fyi/Library/Android/sdk/ndk/23.1.7779620/toolchains/llvm/prebuilt/darwin-x86_64/sysroot/usr/include/aarch64-linux-android]
  collapse include dir [/Users/fyi/Library/Android/sdk/ndk/23.1.7779620/toolchains/llvm/prebuilt/darwin-x86_64/sysroot/usr/include] ==> [/Users/fyi/Library/Android/sdk/ndk/23.1.7779620/toolchains/llvm/prebuilt/darwin-x86_64/sysroot/usr/include]
  implicit include dirs: [/Users/fyi/Library/Android/sdk/ndk/23.1.7779620/toolchains/llvm/prebuilt/darwin-x86_64/sysroot/usr/include/c++/v1;/Users/fyi/Library/Android/sdk/ndk/23.1.7779620/toolchains/llvm/prebuilt/darwin-x86_64/sysroot/usr/local/include;/Users/fyi/Library/Android/sdk/ndk/23.1.7779620/toolchains/llvm/prebuilt/darwin-x86_64/lib64/clang/12.0.8/include;/Users/fyi/Library/Android/sdk/ndk/23.1.7779620/toolchains/llvm/prebuilt/darwin-x86_64/sysroot/usr/include/aarch64-linux-android;/Users/fyi/Library/Android/sdk/ndk/23.1.7779620/toolchains/llvm/prebuilt/darwin-x86_64/sysroot/usr/include]


Parsed CXX implicit link information from above output:
  link line regex: [^( *|.*[/\])(ld\.lld|CMAKE_LINK_STARTFILE-NOTFOUND|([^/\]+-)?ld|collect2)[^/\]*( |$)]
  ignore line: [Change Dir: /Users/fyi/Desktop/Contacts-Display-Android/build-ContactsDisplay-Android_Qt_6_4_3_Clang_arm64_v8a-Debug/CMakeFiles/CMakeTmp]
  ignore line: []
  ignore line: [Run Build Command(s):/Users/fyi/Qt/Tools/Ninja/ninja cmTC_ece76 && [1/2] Building CXX object CMakeFiles/cmTC_ece76.dir/CMakeCXXCompilerABI.cpp.o]
  ignore line: [Android (7714059  based on r416183c1) clang version 12.0.8 (https://android.googlesource.com/toolchain/llvm-project c935d99d7cf2016289302412d708641d52d2f7ee)]
  ignore line: [Target: aarch64-none-linux-android23]
  ignore line: [Thread model: posix]
  ignore line: [InstalledDir: /Users/fyi/Library/Android/sdk/ndk/23.1.7779620/toolchains/llvm/prebuilt/darwin-x86_64/bin]
  ignore line: [Found candidate GCC installation: /Users/fyi/Library/Android/sdk/ndk/23.1.7779620/toolchains/llvm/prebuilt/darwin-x86_64/bin/../lib/gcc/aarch64-linux-android/4.9.x]
  ignore line: [Selected GCC installation: /Users/fyi/Library/Android/sdk/ndk/23.1.7779620/toolchains/llvm/prebuilt/darwin-x86_64/bin/../lib/gcc/aarch64-linux-android/4.9.x]
  ignore line: [Candidate multilib: .]
  ignore line: [@m64]
  ignore line: [Selected multilib: .]
  ignore line: [@m64]
  ignore line: [ (in-process)]
  ignore line: [ "/Users/fyi/Library/Android/sdk/ndk/23.1.7779620/toolchains/llvm/prebuilt/darwin-x86_64/bin/clang++" -cc1 -triple aarch64-none-linux-android23 -emit-obj --mrelax-relocations -mnoexecstack -disable-free -disable-llvm-verifier -discard-value-names -main-file-name CMakeCXXCompilerABI.cpp -mrelocation-model pic -pic-level 2 -pic-is-pie -mframe-pointer=non-leaf -fno-rounding-math -mconstructor-aliases -munwind-tables -target-cpu generic -target-feature +neon -target-abi aapcs -mllvm -aarch64-fix-cortex-a53-835769=1 -fallow-half-arguments-and-returns -fno-split-dwarf-inlining -debug-info-kind=limited -dwarf-version=4 -debugger-tuning=gdb -target-linker-version 650.9 -v -ffunction-sections -fdata-sections -resource-dir /Users/fyi/Library/Android/sdk/ndk/23.1.7779620/toolchains/llvm/prebuilt/darwin-x86_64/lib64/clang/12.0.8 -dependency-file CMakeFiles/cmTC_ece76.dir/CMakeCXXCompilerABI.cpp.o.d -MT CMakeFiles/cmTC_ece76.dir/CMakeCXXCompilerABI.cpp.o -sys-header-deps -D QT_QML_DEBUG -D ANDROID -D _FORTIFY_SOURCE=2 -D NDEBUG -isysroot /Users/fyi/Library/Android/sdk/ndk/23.1.7779620/toolchains/llvm/prebuilt/darwin-x86_64/sysroot -internal-isystem /Users/fyi/Library/Android/sdk/ndk/23.1.7779620/toolchains/llvm/prebuilt/darwin-x86_64/sysroot/usr/include/c++/v1 -internal-isystem /Users/fyi/Library/Android/sdk/ndk/23.1.7779620/toolchains/llvm/prebuilt/darwin-x86_64/sysroot/usr/local/include -internal-isystem /Users/fyi/Library/Android/sdk/ndk/23.1.7779620/toolchains/llvm/prebuilt/darwin-x86_64/lib64/clang/12.0.8/include -internal-externc-isystem /Users/fyi/Library/Android/sdk/ndk/23.1.7779620/toolchains/llvm/prebuilt/darwin-x86_64/sysroot/usr/include/aarch64-linux-android -internal-externc-isystem /Users/fyi/Library/Android/sdk/ndk/23.1.7779620/toolchains/llvm/prebuilt/darwin-x86_64/sysroot/include -internal-externc-isystem /Users/fyi/Library/Android/sdk/ndk/23.1.7779620/toolchains/llvm/prebuilt/darwin-x86_64/sysroot/usr/include -O2 -Wformat -fdeprecated-macro -fdebug-compilation-dir /Users/fyi/Desktop/Contacts-Display-Android/build-ContactsDisplay-Android_Qt_6_4_3_Clang_arm64_v8a-Debug/CMakeFiles/CMakeTmp -ferror-limit 19 -stack-protector 2 -fno-signed-char -fgnuc-version=4.2.1 -fcxx-exceptions -fexceptions -vectorize-loops -vectorize-slp -o CMakeFiles/cmTC_ece76.dir/CMakeCXXCompilerABI.cpp.o -x c++ /Users/fyi/Qt/Tools/CMake/CMake.app/Contents/share/cmake-3.24/Modules/CMakeCXXCompilerABI.cpp]
  ignore line: [clang -cc1 version 12.0.8 based upon LLVM 12.0.8git default target x86_64-apple-darwin22.4.0]
  ignore line: [ignoring nonexistent directory "/Users/fyi/Library/Android/sdk/ndk/23.1.7779620/toolchains/llvm/prebuilt/darwin-x86_64/sysroot/include"]
  ignore line: [#include "..." search starts here:]
  ignore line: [#include <...> search starts here:]
  ignore line: [ /Users/fyi/Library/Android/sdk/ndk/23.1.7779620/toolchains/llvm/prebuilt/darwin-x86_64/sysroot/usr/include/c++/v1]
  ignore line: [ /Users/fyi/Library/Android/sdk/ndk/23.1.7779620/toolchains/llvm/prebuilt/darwin-x86_64/sysroot/usr/local/include]
  ignore line: [ /Users/fyi/Library/Android/sdk/ndk/23.1.7779620/toolchains/llvm/prebuilt/darwin-x86_64/lib64/clang/12.0.8/include]
  ignore line: [ /Users/fyi/Library/Android/sdk/ndk/23.1.7779620/toolchains/llvm/prebuilt/darwin-x86_64/sysroot/usr/include/aarch64-linux-android]
  ignore line: [ /Users/fyi/Library/Android/sdk/ndk/23.1.7779620/toolchains/llvm/prebuilt/darwin-x86_64/sysroot/usr/include]
  ignore line: [End of search list.]
  ignore line: [[2/2] Linking CXX executable cmTC_ece76]
  ignore line: [Android (7714059  based on r416183c1) clang version 12.0.8 (https://android.googlesource.com/toolchain/llvm-project c935d99d7cf2016289302412d708641d52d2f7ee)]
  ignore line: [Target: aarch64-none-linux-android23]
  ignore line: [Thread model: posix]
  ignore line: [InstalledDir: /Users/fyi/Library/Android/sdk/ndk/23.1.7779620/toolchains/llvm/prebuilt/darwin-x86_64/bin]
  ignore line: [Found candidate GCC installation: /Users/fyi/Library/Android/sdk/ndk/23.1.7779620/toolchains/llvm/prebuilt/darwin-x86_64/bin/../lib/gcc/aarch64-linux-android/4.9.x]
  ignore line: [Selected GCC installation: /Users/fyi/Library/Android/sdk/ndk/23.1.7779620/toolchains/llvm/prebuilt/darwin-x86_64/bin/../lib/gcc/aarch64-linux-android/4.9.x]
  ignore line: [Candidate multilib: .]
  ignore line: [@m64]
  ignore line: [Selected multilib: .]
  ignore line: [@m64]
  link line: [ "/Users/fyi/Library/Android/sdk/ndk/23.1.7779620/toolchains/llvm/prebuilt/darwin-x86_64/bin/ld" --sysroot=/Users/fyi/Library/Android/sdk/ndk/23.1.7779620/toolchains/llvm/prebuilt/darwin-x86_64/sysroot -pie -z noexecstack -EL --fix-cortex-a53-843419 --warn-shared-textrel -z now -z relro -z max-page-size=4096 --hash-style=gnu --enable-new-dtags --eh-frame-hdr -m aarch64linux -dynamic-linker /system/bin/linker64 -o cmTC_ece76 /Users/fyi/Library/Android/sdk/ndk/23.1.7779620/toolchains/llvm/prebuilt/darwin-x86_64/sysroot/usr/lib/aarch64-linux-android/23/crtbegin_dynamic.o -L/Users/fyi/Library/Android/sdk/ndk/23.1.7779620/toolchains/llvm/prebuilt/darwin-x86_64/lib64/clang/12.0.8/lib/linux/aarch64 -L/Users/fyi/Library/Android/sdk/ndk/23.1.7779620/toolchains/llvm/prebuilt/darwin-x86_64/bin/../lib/gcc/aarch64-linux-android/4.9.x -L/Users/fyi/Library/Android/sdk/ndk/23.1.7779620/toolchains/llvm/prebuilt/darwin-x86_64/sysroot/usr/lib/aarch64-linux-android/23 -L/Users/fyi/Library/Android/sdk/ndk/23.1.7779620/toolchains/llvm/prebuilt/darwin-x86_64/sysroot/usr/lib/aarch64-linux-android -L/Users/fyi/Library/Android/sdk/ndk/23.1.7779620/toolchains/llvm/prebuilt/darwin-x86_64/sysroot/usr/lib --build-id=sha1 --no-rosegment --fatal-warnings --no-undefined --gc-sections CMakeFiles/cmTC_ece76.dir/CMakeCXXCompilerABI.cpp.o -latomic -lm -lc++ -lm /Users/fyi/Library/Android/sdk/ndk/23.1.7779620/toolchains/llvm/prebuilt/darwin-x86_64/lib64/clang/12.0.8/lib/linux/libclang_rt.builtins-aarch64-android.a -l:libunwind.a -ldl -lc /Users/fyi/Library/Android/sdk/ndk/23.1.7779620/toolchains/llvm/prebuilt/darwin-x86_64/lib64/clang/12.0.8/lib/linux/libclang_rt.builtins-aarch64-android.a -l:libunwind.a -ldl /Users/fyi/Library/Android/sdk/ndk/23.1.7779620/toolchains/llvm/prebuilt/darwin-x86_64/sysroot/usr/lib/aarch64-linux-android/23/crtend_android.o]
    arg [/Users/fyi/Library/Android/sdk/ndk/23.1.7779620/toolchains/llvm/prebuilt/darwin-x86_64/bin/ld] ==> ignore
    arg [--sysroot=/Users/fyi/Library/Android/sdk/ndk/23.1.7779620/toolchains/llvm/prebuilt/darwin-x86_64/sysroot] ==> ignore
    arg [-pie] ==> ignore
    arg [-znoexecstack] ==> ignore
    arg [-EL] ==> ignore
    arg [--fix-cortex-a53-843419] ==> ignore
    arg [--warn-shared-textrel] ==> ignore
    arg [-znow] ==> ignore
    arg [-zrelro] ==> ignore
    arg [-zmax-page-size=4096] ==> ignore
    arg [--hash-style=gnu] ==> ignore
    arg [--enable-new-dtags] ==> ignore
    arg [--eh-frame-hdr] ==> ignore
    arg [-m] ==> ignore
    arg [aarch64linux] ==> ignore
    arg [-dynamic-linker] ==> ignore
    arg [/system/bin/linker64] ==> ignore
    arg [-o] ==> ignore
    arg [cmTC_ece76] ==> ignore
    arg [/Users/fyi/Library/Android/sdk/ndk/23.1.7779620/toolchains/llvm/prebuilt/darwin-x86_64/sysroot/usr/lib/aarch64-linux-android/23/crtbegin_dynamic.o] ==> obj [/Users/fyi/Library/Android/sdk/ndk/23.1.7779620/toolchains/llvm/prebuilt/darwin-x86_64/sysroot/usr/lib/aarch64-linux-android/23/crtbegin_dynamic.o]
    arg [-L/Users/fyi/Library/Android/sdk/ndk/23.1.7779620/toolchains/llvm/prebuilt/darwin-x86_64/lib64/clang/12.0.8/lib/linux/aarch64] ==> dir [/Users/fyi/Library/Android/sdk/ndk/23.1.7779620/toolchains/llvm/prebuilt/darwin-x86_64/lib64/clang/12.0.8/lib/linux/aarch64]
    arg [-L/Users/fyi/Library/Android/sdk/ndk/23.1.7779620/toolchains/llvm/prebuilt/darwin-x86_64/bin/../lib/gcc/aarch64-linux-android/4.9.x] ==> dir [/Users/fyi/Library/Android/sdk/ndk/23.1.7779620/toolchains/llvm/prebuilt/darwin-x86_64/bin/../lib/gcc/aarch64-linux-android/4.9.x]
    arg [-L/Users/fyi/Library/Android/sdk/ndk/23.1.7779620/toolchains/llvm/prebuilt/darwin-x86_64/sysroot/usr/lib/aarch64-linux-android/23] ==> dir [/Users/fyi/Library/Android/sdk/ndk/23.1.7779620/toolchains/llvm/prebuilt/darwin-x86_64/sysroot/usr/lib/aarch64-linux-android/23]
    arg [-L/Users/fyi/Library/Android/sdk/ndk/23.1.7779620/toolchains/llvm/prebuilt/darwin-x86_64/sysroot/usr/lib/aarch64-linux-android] ==> dir [/Users/fyi/Library/Android/sdk/ndk/23.1.7779620/toolchains/llvm/prebuilt/darwin-x86_64/sysroot/usr/lib/aarch64-linux-android]
    arg [-L/Users/fyi/Library/Android/sdk/ndk/23.1.7779620/toolchains/llvm/prebuilt/darwin-x86_64/sysroot/usr/lib] ==> dir [/Users/fyi/Library/Android/sdk/ndk/23.1.7779620/toolchains/llvm/prebuilt/darwin-x86_64/sysroot/usr/lib]
    arg [--build-id=sha1] ==> ignore
    arg [--no-rosegment] ==> ignore
    arg [--fatal-warnings] ==> ignore
    arg [--no-undefined] ==> ignore
    arg [--gc-sections] ==> ignore
    arg [CMakeFiles/cmTC_ece76.dir/CMakeCXXCompilerABI.cpp.o] ==> ignore
    arg [-latomic] ==> lib [atomic]
    arg [-lm] ==> lib [m]
    arg [-lc++] ==> lib [c++]
    arg [-lm] ==> lib [m]
    arg [/Users/fyi/Library/Android/sdk/ndk/23.1.7779620/toolchains/llvm/prebuilt/darwin-x86_64/lib64/clang/12.0.8/lib/linux/libclang_rt.builtins-aarch64-android.a] ==> lib [/Users/fyi/Library/Android/sdk/ndk/23.1.7779620/toolchains/llvm/prebuilt/darwin-x86_64/lib64/clang/12.0.8/lib/linux/libclang_rt.builtins-aarch64-android.a]
    arg [-l:libunwind.a] ==> lib [-l:libunwind.a]
    arg [-ldl] ==> lib [dl]
    arg [-lc] ==> lib [c]
    arg [/Users/fyi/Library/Android/sdk/ndk/23.1.7779620/toolchains/llvm/prebuilt/darwin-x86_64/lib64/clang/12.0.8/lib/linux/libclang_rt.builtins-aarch64-android.a] ==> lib [/Users/fyi/Library/Android/sdk/ndk/23.1.7779620/toolchains/llvm/prebuilt/darwin-x86_64/lib64/clang/12.0.8/lib/linux/libclang_rt.builtins-aarch64-android.a]
    arg [-l:libunwind.a] ==> lib [-l:libunwind.a]
    arg [-ldl] ==> lib [dl]
    arg [/Users/fyi/Library/Android/sdk/ndk/23.1.7779620/toolchains/llvm/prebuilt/darwin-x86_64/sysroot/usr/lib/aarch64-linux-android/23/crtend_android.o] ==> obj [/Users/fyi/Library/Android/sdk/ndk/23.1.7779620/toolchains/llvm/prebuilt/darwin-x86_64/sysroot/usr/lib/aarch64-linux-android/23/crtend_android.o]
  remove lib [/Users/fyi/Library/Android/sdk/ndk/23.1.7779620/toolchains/llvm/prebuilt/darwin-x86_64/lib64/clang/12.0.8/lib/linux/libclang_rt.builtins-aarch64-android.a]
  remove lib [/Users/fyi/Library/Android/sdk/ndk/23.1.7779620/toolchains/llvm/prebuilt/darwin-x86_64/lib64/clang/12.0.8/lib/linux/libclang_rt.builtins-aarch64-android.a]
  collapse library dir [/Users/fyi/Library/Android/sdk/ndk/23.1.7779620/toolchains/llvm/prebuilt/darwin-x86_64/lib64/clang/12.0.8/lib/linux/aarch64] ==> [/Users/fyi/Library/Android/sdk/ndk/23.1.7779620/toolchains/llvm/prebuilt/darwin-x86_64/lib64/clang/12.0.8/lib/linux/aarch64]
  collapse library dir [/Users/fyi/Library/Android/sdk/ndk/23.1.7779620/toolchains/llvm/prebuilt/darwin-x86_64/bin/../lib/gcc/aarch64-linux-android/4.9.x] ==> [/Users/fyi/Library/Android/sdk/ndk/23.1.7779620/toolchains/llvm/prebuilt/darwin-x86_64/lib/gcc/aarch64-linux-android/4.9.x]
  collapse library dir [/Users/fyi/Library/Android/sdk/ndk/23.1.7779620/toolchains/llvm/prebuilt/darwin-x86_64/sysroot/usr/lib/aarch64-linux-android/23] ==> [/Users/fyi/Library/Android/sdk/ndk/23.1.7779620/toolchains/llvm/prebuilt/darwin-x86_64/sysroot/usr/lib/aarch64-linux-android/23]
  collapse library dir [/Users/fyi/Library/Android/sdk/ndk/23.1.7779620/toolchains/llvm/prebuilt/darwin-x86_64/sysroot/usr/lib/aarch64-linux-android] ==> [/Users/fyi/Library/Android/sdk/ndk/23.1.7779620/toolchains/llvm/prebuilt/darwin-x86_64/sysroot/usr/lib/aarch64-linux-android]
  collapse library dir [/Users/fyi/Library/Android/sdk/ndk/23.1.7779620/toolchains/llvm/prebuilt/darwin-x86_64/sysroot/usr/lib] ==> [/Users/fyi/Library/Android/sdk/ndk/23.1.7779620/toolchains/llvm/prebuilt/darwin-x86_64/sysroot/usr/lib]
  implicit libs: [atomic;m;c++;m;-l:libunwind.a;dl;c;-l:libunwind.a;dl]
  implicit objs: [/Users/fyi/Library/Android/sdk/ndk/23.1.7779620/toolchains/llvm/prebuilt/darwin-x86_64/sysroot/usr/lib/aarch64-linux-android/23/crtbegin_dynamic.o;/Users/fyi/Library/Android/sdk/ndk/23.1.7779620/toolchains/llvm/prebuilt/darwin-x86_64/sysroot/usr/lib/aarch64-linux-android/23/crtend_android.o]
  implicit dirs: [/Users/fyi/Library/Android/sdk/ndk/23.1.7779620/toolchains/llvm/prebuilt/darwin-x86_64/lib64/clang/12.0.8/lib/linux/aarch64;/Users/fyi/Library/Android/sdk/ndk/23.1.7779620/toolchains/llvm/prebuilt/darwin-x86_64/lib/gcc/aarch64-linux-android/4.9.x;/Users/fyi/Library/Android/sdk/ndk/23.1.7779620/toolchains/llvm/prebuilt/darwin-x86_64/sysroot/usr/lib/aarch64-linux-android/23;/Users/fyi/Library/Android/sdk/ndk/23.1.7779620/toolchains/llvm/prebuilt/darwin-x86_64/sysroot/usr/lib/aarch64-linux-android;/Users/fyi/Library/Android/sdk/ndk/23.1.7779620/toolchains/llvm/prebuilt/darwin-x86_64/sysroot/usr/lib]
  implicit fwks: []


Performing C++ SOURCE FILE Test HAVE_STDATOMIC succeeded with the following output:
Change Dir: /Users/fyi/Desktop/Contacts-Display-Android/build-ContactsDisplay-Android_Qt_6_4_3_Clang_arm64_v8a-Debug/CMakeFiles/CMakeTmp

Run Build Command(s):/Users/fyi/Qt/Tools/Ninja/ninja cmTC_44194 && [1/2] Building CXX object CMakeFiles/cmTC_44194.dir/src.cxx.o
[2/2] Linking CXX executable cmTC_44194


Source file was:
#include <atomic>
#include <cstdint>

int main(int, char **)
{
    volatile std::atomic<char>    size_1;
    volatile std::atomic<short>   size_2;
    volatile std::atomic<int>     size_4;
    volatile std::atomic<int64_t> size_8;

    ++size_1;
    ++size_2;
    ++size_4;
    ++size_8;

    (void)size_1.load(std::memory_order_relaxed);
    (void)size_2.load(std::memory_order_relaxed);
    (void)size_4.load(std::memory_order_relaxed);
    (void)size_8.load(std::memory_order_relaxed);

    return 0;
}
Performing C++ SOURCE FILE Test HAVE_EGL succeeded with the following output:
Change Dir: /Users/fyi/Desktop/Contacts-Display-Android/build-ContactsDisplay-Android_Qt_6_4_3_Clang_arm64_v8a-Debug/CMakeFiles/CMakeTmp

Run Build Command(s):/Users/fyi/Qt/Tools/Ninja/ninja cmTC_34733 && [1/2] Building CXX object CMakeFiles/cmTC_34733.dir/src.cxx.o
[2/2] Linking CXX executable cmTC_34733


Source file was:

#include <EGL/egl.h>

int main(int, char **) {
    EGLint x = 0; EGLDisplay dpy = 0; EGLContext ctx = 0;
    eglDestroyContext(dpy, ctx);
}
Performing C++ SOURCE FILE Test HAVE_GLESv2 succeeded with the following output:
Change Dir: /Users/fyi/Desktop/Contacts-Display-Android/build-ContactsDisplay-Android_Qt_6_4_3_Clang_arm64_v8a-Debug/CMakeFiles/CMakeTmp

Run Build Command(s):/Users/fyi/Qt/Tools/Ninja/ninja cmTC_02c09 && [1/2] Building CXX object CMakeFiles/cmTC_02c09.dir/src.cxx.o
[2/2] Linking CXX executable cmTC_02c09


Source file was:

#ifdef __APPLE__
#  include <OpenGLES/ES2/gl.h>
#else
#  define GL_GLEXT_PROTOTYPES
#  include <GLES2/gl2.h>
#endif

int main(int, char **) {
    glUniform1f(1, GLfloat(1.0));
    glClear(GL_COLOR_BUFFER_BIT);
}
