Performing C++ SOURCE FILE Test CMAKE_HAVE_LIBC_PTHREAD failed with the following output:
Change Dir: /Users/fyi/Desktop/Contacts-Display-Android/build-ContactsDisplay-Android_Qt_6_4_3_Clang_arm64_v8a-Debug/CMakeFiles/CMakeTmp

Run Build Command(s):/Users/fyi/Qt/Tools/Ninja/ninja cmTC_9409d && [1/2] Building CXX object CMakeFiles/cmTC_9409d.dir/src.cxx.o
FAILED: CMakeFiles/cmTC_9409d.dir/src.cxx.o 
/Users/fyi/Library/Android/sdk/ndk/23.1.7779620/toolchains/llvm/prebuilt/darwin-x86_64/bin/clang++ --target=aarch64-none-linux-android23 --sysroot=/Users/fyi/Library/Android/sdk/ndk/23.1.7779620/toolchains/llvm/prebuilt/darwin-x86_64/sysroot -DCMAKE_HAVE_LIBC_PTHREAD  -DQT_QML_DEBUG   -DANDROID -fdata-sections -ffunction-sections -funwind-tables -fstack-protector-strong -no-canonical-prefixes -D_FORTIFY_SOURCE=2 -Wformat -Werror=format-security -fexceptions -frtti -stdlib=libc++  -O2 -g -DNDEBUG -fPIE -MD -MT CMakeFiles/cmTC_9409d.dir/src.cxx.o -MF CMakeFiles/cmTC_9409d.dir/src.cxx.o.d -o CMakeFiles/cmTC_9409d.dir/src.cxx.o -c /Users/fyi/Desktop/Contacts-Display-Android/build-ContactsDisplay-Android_Qt_6_4_3_Clang_arm64_v8a-Debug/CMakeFiles/CMakeTmp/src.cxx
/Users/fyi/Desktop/Contacts-Display-Android/build-ContactsDisplay-Android_Qt_6_4_3_Clang_arm64_v8a-Debug/CMakeFiles/CMakeTmp/src.cxx:13:3: error: use of undeclared identifier 'pthread_cancel'
  pthread_cancel(thread);
  ^
1 error generated.
ninja: build stopped: subcommand failed.


Source file was:
#include <pthread.h>

static void* test_func(void* data)
{
  return data;
}

int main(void)
{
  pthread_t thread;
  pthread_create(&thread, NULL, test_func, NULL);
  pthread_detach(thread);
  pthread_cancel(thread);
  pthread_join(thread, NULL);
  pthread_atfork(NULL, NULL, NULL);
  pthread_exit(NULL);

  return 0;
}

